<?xml version="1.0" encoding="UTF-8"?>
<testsuite name="com.uthtechnologies.springdata.hz.HzKeyValueAdapterTest" tests="16" skipped="0" failures="0" errors="0" timestamp="2016-02-12T08:02:02" hostname="1D3V7R1" time="0.4">
  <properties/>
  <testcase name="getShouldThrowExceptionWhenTypeIsNull" classname="com.uthtechnologies.springdata.hz.HzKeyValueAdapterTest" time="0.07"/>
  <testcase name="putShouldThrowExceptionWhenCollectionIsNullValue" classname="com.uthtechnologies.springdata.hz.HzKeyValueAdapterTest" time="0.02"/>
  <testcase name="containsShouldThrowExceptionWhenTypeIsNull" classname="com.uthtechnologies.springdata.hz.HzKeyValueAdapterTest" time="0.01"/>
  <testcase name="getShouldReturnNullWhenNoElementWithIdPresent" classname="com.uthtechnologies.springdata.hz.HzKeyValueAdapterTest" time="0.04"/>
  <testcase name="containShouldReturnTrueWhenElementWithIdPresent" classname="com.uthtechnologies.springdata.hz.HzKeyValueAdapterTest" time="0.03"/>
  <testcase name="getAllOfShouldReturnAllValuesOfGivenCollection" classname="com.uthtechnologies.springdata.hz.HzKeyValueAdapterTest" time="0.04"/>
  <testcase name="containsShouldReturnFalseWhenNoElementsPresent" classname="com.uthtechnologies.springdata.hz.HzKeyValueAdapterTest" time="0.01"/>
  <testcase name="putShouldReturnPreviousObjectForIdWhenAddingNewOneWithSameIdPresent" classname="com.uthtechnologies.springdata.hz.HzKeyValueAdapterTest" time="0.04"/>
  <testcase name="deleteShouldReturnNullWhenGivenIdThatDoesNotExist" classname="com.uthtechnologies.springdata.hz.HzKeyValueAdapterTest" time="0.01"/>
  <testcase name="putShouldThrowExceptionWhenAddingNullId" classname="com.uthtechnologies.springdata.hz.HzKeyValueAdapterTest" time="0.02"/>
  <testcase name="putReturnsNullWhenNoObjectForIdPresent" classname="com.uthtechnologies.springdata.hz.HzKeyValueAdapterTest" time="0.01"/>
  <testcase name="getAllOfShouldThrowExceptionWhenTypeIsNull" classname="com.uthtechnologies.springdata.hz.HzKeyValueAdapterTest" time="0.01"/>
  <testcase name="getShouldReturnElementWhenMatchingIdPresent" classname="com.uthtechnologies.springdata.hz.HzKeyValueAdapterTest" time="0.01"/>
  <testcase name="deleteShouldReturnDeletedObject" classname="com.uthtechnologies.springdata.hz.HzKeyValueAdapterTest" time="0.01"/>
  <testcase name="getShouldThrowExceptionWhenIdIsNull" classname="com.uthtechnologies.springdata.hz.HzKeyValueAdapterTest" time="0.04"/>
  <testcase name="containsShouldThrowExceptionWhenIdIsNull" classname="com.uthtechnologies.springdata.hz.HzKeyValueAdapterTest" time="0.0"/>
  <system-out><![CDATA[13:31:56.738 [Test worker] DEBUG o.s.t.c.j.SpringJUnit4ClassRunner - SpringJUnit4ClassRunner constructor called with [class com.uthtechnologies.springdata.hz.HzKeyValueAdapterTest]
13:31:56.758 [Test worker] DEBUG o.s.test.context.BootstrapUtils - Instantiating CacheAwareContextLoaderDelegate from class [org.springframework.test.context.cache.DefaultCacheAwareContextLoaderDelegate]
13:31:56.768 [Test worker] DEBUG o.s.test.context.BootstrapUtils - Instantiating BootstrapContext using constructor [public org.springframework.test.context.support.DefaultBootstrapContext(java.lang.Class,org.springframework.test.context.CacheAwareContextLoaderDelegate)]
13:31:56.788 [Test worker] DEBUG o.s.test.context.BootstrapUtils - Instantiating TestContextBootstrapper for test class [com.uthtechnologies.springdata.hz.HzKeyValueAdapterTest] from class [org.springframework.test.context.support.DefaultTestContextBootstrapper]
13:31:56.818 [Test worker] DEBUG o.s.t.c.s.DefaultTestContextBootstrapper - Found explicit ContextLoader class [org.springframework.boot.test.SpringApplicationContextLoader] for context configuration attributes [ContextConfigurationAttributes@4133b97a declaringClass = 'com.uthtechnologies.springdata.hz.HzKeyValueAdapterTest', classes = '{class com.reactivetechnologies.platform.Bootstrap}', locations = '{}', inheritLocations = true, initializers = '{}', inheritInitializers = true, name = [null], contextLoaderClass = 'org.springframework.boot.test.SpringApplicationContextLoader']
13:31:56.828 [Test worker] DEBUG o.s.t.c.s.AbstractContextLoader - Did not detect default resource location for test class [com.uthtechnologies.springdata.hz.HzKeyValueAdapterTest]: class path resource [com/uthtechnologies/springdata/hz/HzKeyValueAdapterTest-context.xml] does not exist
13:31:56.828 [Test worker] DEBUG o.s.t.c.s.AbstractContextLoader - Did not detect default resource location for test class [com.uthtechnologies.springdata.hz.HzKeyValueAdapterTest]: class path resource [com/uthtechnologies/springdata/hz/HzKeyValueAdapterTestContext.groovy] does not exist
13:31:56.828 [Test worker] INFO  o.s.t.c.s.AbstractContextLoader - Could not detect default resource locations for test class [com.uthtechnologies.springdata.hz.HzKeyValueAdapterTest]: no resource found for suffixes {-context.xml, Context.groovy}.
13:31:56.838 [Test worker] DEBUG o.s.t.c.support.ActiveProfilesUtils - Could not find an 'annotation declaring class' for annotation type [org.springframework.test.context.ActiveProfiles] and class [com.uthtechnologies.springdata.hz.HzKeyValueAdapterTest]
13:31:56.838 [Test worker] DEBUG o.s.t.c.s.DefaultTestContextBootstrapper - @TestExecutionListeners is not present for class [com.uthtechnologies.springdata.hz.HzKeyValueAdapterTest]: using defaults.
13:31:56.848 [Test worker] INFO  o.s.t.c.s.DefaultTestContextBootstrapper - Loaded default TestExecutionListener class names from location [META-INF/spring.factories]: [org.springframework.test.context.web.ServletTestExecutionListener, org.springframework.test.context.support.DirtiesContextBeforeModesTestExecutionListener, org.springframework.test.context.support.DependencyInjectionTestExecutionListener, org.springframework.test.context.support.DirtiesContextTestExecutionListener, org.springframework.test.context.transaction.TransactionalTestExecutionListener, org.springframework.test.context.jdbc.SqlScriptsTestExecutionListener]
13:31:56.858 [Test worker] INFO  o.s.t.c.s.DefaultTestContextBootstrapper - Could not instantiate TestExecutionListener [org.springframework.test.context.web.ServletTestExecutionListener]. Specify custom listener classes or make the default listener classes (and their required dependencies) available. Offending class: [javax/servlet/ServletContext]
13:31:56.868 [Test worker] INFO  o.s.t.c.s.DefaultTestContextBootstrapper - Using TestExecutionListeners: [org.springframework.test.context.support.DirtiesContextBeforeModesTestExecutionListener@69d63809, org.springframework.test.context.support.DependencyInjectionTestExecutionListener@12fe8b15, org.springframework.test.context.support.DirtiesContextTestExecutionListener@5cb60b0d, org.springframework.test.context.transaction.TransactionalTestExecutionListener@7f759b4f, org.springframework.test.context.jdbc.SqlScriptsTestExecutionListener@273bf2d8]
13:31:56.878 [Test worker] DEBUG o.s.t.annotation.ProfileValueUtils - Retrieved @ProfileValueSourceConfiguration [null] for test class [com.uthtechnologies.springdata.hz.HzKeyValueAdapterTest]
13:31:56.878 [Test worker] DEBUG o.s.t.annotation.ProfileValueUtils - Retrieved ProfileValueSource type [class org.springframework.test.annotation.SystemProfileValueSource] for class [com.uthtechnologies.springdata.hz.HzKeyValueAdapterTest]
13:31:56.878 [Test worker] DEBUG o.s.t.annotation.ProfileValueUtils - Retrieved @ProfileValueSourceConfiguration [null] for test class [com.uthtechnologies.springdata.hz.HzKeyValueAdapterTest]
13:31:56.878 [Test worker] DEBUG o.s.t.annotation.ProfileValueUtils - Retrieved ProfileValueSource type [class org.springframework.test.annotation.SystemProfileValueSource] for class [com.uthtechnologies.springdata.hz.HzKeyValueAdapterTest]
13:31:56.888 [Test worker] DEBUG o.s.t.annotation.ProfileValueUtils - Retrieved @ProfileValueSourceConfiguration [null] for test class [com.uthtechnologies.springdata.hz.HzKeyValueAdapterTest]
13:31:56.888 [Test worker] DEBUG o.s.t.annotation.ProfileValueUtils - Retrieved ProfileValueSource type [class org.springframework.test.annotation.SystemProfileValueSource] for class [com.uthtechnologies.springdata.hz.HzKeyValueAdapterTest]
13:31:56.888 [Test worker] DEBUG o.s.t.c.s.AbstractDirtiesContextTestExecutionListener - Before test class: context [DefaultTestContext@219788 testClass = HzKeyValueAdapterTest, testInstance = [null], testMethod = [null], testException = [null], mergedContextConfiguration = [MergedContextConfiguration@33cf7be7 testClass = HzKeyValueAdapterTest, locations = '{}', classes = '{class com.reactivetechnologies.platform.Bootstrap}', contextInitializerClasses = '[]', activeProfiles = '{}', propertySourceLocations = '{}', propertySourceProperties = '{}', contextLoader = 'org.springframework.boot.test.SpringApplicationContextLoader', parent = [null]]], class annotated with @DirtiesContext [false] with mode [null].
13:31:56.888 [Test worker] DEBUG o.s.t.annotation.ProfileValueUtils - Retrieved @ProfileValueSourceConfiguration [null] for test class [com.uthtechnologies.springdata.hz.HzKeyValueAdapterTest]
13:31:56.888 [Test worker] DEBUG o.s.t.annotation.ProfileValueUtils - Retrieved ProfileValueSource type [class org.springframework.test.annotation.SystemProfileValueSource] for class [com.uthtechnologies.springdata.hz.HzKeyValueAdapterTest]
13:31:56.888 [Test worker] DEBUG o.s.t.c.s.DependencyInjectionTestExecutionListener - Performing dependency injection for test context [[DefaultTestContext@219788 testClass = HzKeyValueAdapterTest, testInstance = com.uthtechnologies.springdata.hz.HzKeyValueAdapterTest@55dd67b3, testMethod = [null], testException = [null], mergedContextConfiguration = [MergedContextConfiguration@33cf7be7 testClass = HzKeyValueAdapterTest, locations = '{}', classes = '{class com.reactivetechnologies.platform.Bootstrap}', contextInitializerClasses = '[]', activeProfiles = '{}', propertySourceLocations = '{}', propertySourceProperties = '{}', contextLoader = 'org.springframework.boot.test.SpringApplicationContextLoader', parent = [null]]]].
13:31:57.007 [Test worker] DEBUG o.s.core.env.StandardEnvironment - Adding [systemProperties] PropertySource with lowest search precedence
13:31:57.010 [Test worker] DEBUG o.s.core.env.StandardEnvironment - Adding [systemEnvironment] PropertySource with lowest search precedence
13:31:57.011 [Test worker] DEBUG o.s.core.env.StandardEnvironment - Initialized StandardEnvironment with PropertySources [systemProperties,systemEnvironment]
13:31:57.015 [Test worker] DEBUG o.s.core.env.StandardEnvironment - Adding [integrationTest] PropertySource with search precedence immediately lower than [systemEnvironment]
.----. .----.  .--.   .---.  .---. .-..-. .-..----.   .----.   .--.  .---.  .--.  
| {}  }| {_   / {} \ /  ___}{_   _}| || | | || {_     | {}  \ / {} \{_   _}/ {} \ 
| .-. \| {__ /  /\  \\     }  | |  | |\ \_/ /| {__    |     //  /\  \ | | /  /\  \
`-' `-'`----'`-'  `-' `---'   `-'  `-' `---' `----'   `----' `-'  `-' `-' `-'  `-'

				:: The power to coalesce :: 
 												
 												
2016-02-12 13:31:57.502  INFO 3972 --- [    Test worker] c.u.springdata.hz.HzKeyValueAdapterTest  : Starting HzKeyValueAdapterTest on 1D3V7R1 with PID 3972 (C:\Users\esutdal\WORK\workspace\COX\spring-data-hazelcast\build\classes\test started by esutdal in C:\Users\esutdal\WORK\workspace\COX\spring-data-hazelcast)
2016-02-12 13:31:57.502  INFO 3972 --- [    Test worker] c.u.springdata.hz.HzKeyValueAdapterTest  : No active profile set, falling back to default profiles: default
2016-02-12 13:31:57.553  INFO 3972 --- [    Test worker] s.c.a.AnnotationConfigApplicationContext : Refreshing org.springframework.context.annotation.AnnotationConfigApplicationContext@66035ec9: startup date [Fri Feb 12 13:31:57 IST 2016]; root of context hierarchy
2016-02-12 13:31:58.650  INFO 3972 --- [    Test worker] c.hazelcast.config.FileSystemXmlConfig   : Configuring Hazelcast from 'C:\Users\esutdal\WORK\workspace\COX\spring-data-hazelcast\test-hz-config.xml'.
2016-02-12 13:31:59.130  WARN 3972 --- [    Test worker] c.r.platform.datagrid.util.EntityFinder  : >> Did not find any key value entities under the given base scan package [some.package]
2016-02-12 13:31:59.170  INFO 3972 --- [    Test worker] c.h.instance.DefaultAddressPicker        : [LOCAL] [dev] [3.5.4] Interfaces is disabled, trying to pick one address from TCP-IP config addresses: [127.0.0.1]
2016-02-12 13:31:59.170  INFO 3972 --- [    Test worker] c.h.instance.DefaultAddressPicker        : [LOCAL] [dev] [3.5.4] Picked Address[127.0.0.1]:5111, using socket ServerSocket[addr=/0:0:0:0:0:0:0:0,localport=5111], bind any local is true
2016-02-12 13:31:59.480  INFO 3972 --- [    Test worker] com.hazelcast.spi.OperationService       : [127.0.0.1]:5111 [dev] [3.5.4] Backpressure is disabled
2016-02-12 13:31:59.500  INFO 3972 --- [    Test worker] c.h.s.i.o.c.ClassicOperationExecutor     : [127.0.0.1]:5111 [dev] [3.5.4] Starting with 2 generic operation threads and 4 partition operation threads.
2016-02-12 13:32:00.032  INFO 3972 --- [    Test worker] com.hazelcast.system                     : [127.0.0.1]:5111 [dev] [3.5.4] Hazelcast 3.5.4 (20151125 - 56676b2) starting at Address[127.0.0.1]:5111
2016-02-12 13:32:00.032  INFO 3972 --- [    Test worker] com.hazelcast.system                     : [127.0.0.1]:5111 [dev] [3.5.4] Copyright (c) 2008-2015, Hazelcast, Inc. All Rights Reserved.
2016-02-12 13:32:00.032  INFO 3972 --- [    Test worker] com.hazelcast.instance.Node              : [127.0.0.1]:5111 [dev] [3.5.4] Creating TcpIpJoiner
2016-02-12 13:32:00.032  INFO 3972 --- [    Test worker] com.hazelcast.core.LifecycleService      : [127.0.0.1]:5111 [dev] [3.5.4] Address[127.0.0.1]:5111 is STARTING
2016-02-12 13:32:00.392  INFO 3972 --- [        cached1] com.hazelcast.nio.tcp.SocketConnector    : [127.0.0.1]:5111 [dev] [3.5.4] Connecting to /127.0.0.1:5113, timeout: 0, bind-any: true
2016-02-12 13:32:00.392  INFO 3972 --- [        cached2] com.hazelcast.nio.tcp.SocketConnector    : [127.0.0.1]:5111 [dev] [3.5.4] Connecting to /127.0.0.1:5112, timeout: 0, bind-any: true
2016-02-12 13:32:01.402  INFO 3972 --- [        cached2] com.hazelcast.nio.tcp.SocketConnector    : [127.0.0.1]:5111 [dev] [3.5.4] Could not connect to: /127.0.0.1:5112. Reason: SocketException[Connection refused: connect to address /127.0.0.1:5112]
2016-02-12 13:32:01.402  INFO 3972 --- [        cached1] com.hazelcast.nio.tcp.SocketConnector    : [127.0.0.1]:5111 [dev] [3.5.4] Could not connect to: /127.0.0.1:5113. Reason: SocketException[Connection refused: connect to address /127.0.0.1:5113]
2016-02-12 13:32:01.402  INFO 3972 --- [        cached1] com.hazelcast.cluster.impl.TcpIpJoiner   : [127.0.0.1]:5111 [dev] [3.5.4] Address[127.0.0.1]:5113 is added to the blacklist.
2016-02-12 13:32:01.402  INFO 3972 --- [        cached2] com.hazelcast.cluster.impl.TcpIpJoiner   : [127.0.0.1]:5111 [dev] [3.5.4] Address[127.0.0.1]:5112 is added to the blacklist.
2016-02-12 13:32:02.391  INFO 3972 --- [    Test worker] com.hazelcast.cluster.impl.TcpIpJoiner   : [127.0.0.1]:5111 [dev] [3.5.4] 


Members [1] {
	Member [127.0.0.1]:5111 this
}

2016-02-12 13:32:02.411  INFO 3972 --- [    Test worker] com.hazelcast.core.LifecycleService      : [127.0.0.1]:5111 [dev] [3.5.4] Address[127.0.0.1]:5111 is STARTED
2016-02-12 13:32:02.521  INFO 3972 --- [    Test worker] c.r.p.a.core.IncrementalClassifierBean   : ** Weka Classifier loaded [Naive Bayes Classifier: No model built yet.] **
2016-02-12 13:32:02.541  INFO 3972 --- [    Test worker] c.r.p.i.AbstractOutboundChannel          : -- New Outbound channel created [default]
2016-02-12 13:32:02.541  INFO 3972 --- [    Test worker] c.r.p.i.AbstractOutboundChannel          : [default] Ready to outflow. No. of feeders 1 { 
	Weka-Submitter - IN:class com.reactivetechnologies.platform.analytics.core.TrainModel
}
2016-02-12 13:32:02.571  INFO 3972 --- [    Test worker] c.r.p.i.AbstractInboundInterceptor       : -- New Inbound channel created [Weka-Inbound - IN: class com.hazelcast.internal.ascii.rest.RestValue OUT: class com.reactivetechnologies.platform.analytics.core.TrainModel], linked to outbound channel [default]
2016-02-12 13:32:02.621  INFO 3972 --- [    Test worker] c.r.platform.ChannelMultiplexerBean      : New channel flow created with inbound interceptor [Weka-Inbound].
2016-02-12 13:32:02.731  INFO 3972 --- [    Test worker] c.u.springdata.hz.HzKeyValueAdapterTest  : Started HzKeyValueAdapterTest in 5.71 seconds (JVM running for 7.344)
2016-02-12 13:32:02.751  INFO 3972 --- [    Test worker] c.h.partition.InternalPartitionService   : [127.0.0.1]:5111 [dev] [3.5.4] Initializing cluster partition table first arrangement...
]]></system-out>
  <system-err><![CDATA[]]></system-err>
</testsuite>
